make all --print-data-base --no-builtin-variables --no-builtin-rules --question
make: *** No rule to make target 'all'.  Stop.

# GNU Make 4.3
# Built for x86_64-pc-linux-gnu
# Copyright (C) 1988-2020 Free Software Foundation, Inc.
# License GPLv3+: GNU GPL version 3 or later <http://gnu.org/licenses/gpl.html>
# This is free software: you are free to change and redistribute it.
# There is NO WARRANTY, to the extent permitted by law.

# Make data base, printed on Wed Sep  7 11:08:57 2022

# Variables

# environment
GDK_BACKEND = x11
# environment
LC_ALL = C
# environment
GNOME_SHELL_SESSION_MODE = ubuntu
# environment
SSH_AGENT_LAUNCHER = gnome-keyring
# environment
SNAP_INSTANCE_KEY = 
# environment
GJS_DEBUG_OUTPUT = stderr
# environment
VSCODE_CWD = /home/gabriel
# default
MAKE_COMMAND := make
# environment
QT_ACCESSIBILITY = 1
# automatic
@D = $(patsubst %/,%,$(dir $@))
# environment
SNAP_INSTANCE_NAME = code
# environment
GDK_PIXBUF_MODULEDIR = /snap/code/106/usr/lib/x86_64-linux-gnu/gdk-pixbuf-2.0/2.10.0/loaders
# environment
VSCODE_HANDLES_UNCAUGHT_ERRORS = true
# default
.VARIABLES := 
# environment
PWD = /home/gabriel/Documents/repos/firestore-test
# automatic
%D = $(patsubst %/,%,$(dir $%))
# environment
LSCOLORS = Gxfxcxdxbxegedabagacad
# environment
XDG_DATA_DIRS = /usr/local/share/:/usr/share/:/var/lib/snapd/desktop
# environment
OLDPWD = /home/gabriel
# automatic
^D = $(patsubst %/,%,$(dir $^))
# automatic
%F = $(notdir $%)
# environment
VSCODE_CODE_CACHE_PATH = /home/gabriel/.config/Code/CachedData/784b0177c56c607789f9638da7b6bf3230d47a8c
# environment
LANG = C
# environment
XAUTHORITY = /run/user/1000/.mutter-Xwaylandauth.KD4XR1
# default
.LOADED := 
# default
.INCLUDE_DIRS = /usr/local/include /usr/include /usr/include
# makefile
MAKEFLAGS = pqrR
# makefile
CURDIR := /home/gabriel/Documents/repos/firestore-test
# environment
APPLICATION_INSIGHTS_NO_DIAGNOSTIC_CHANNEL = 1
# automatic
*D = $(patsubst %/,%,$(dir $*))
# environment
MFLAGS = -pqrR
# environment
SSH_AUTH_SOCK = /run/user/1000/keyring/ssh
# default
.SHELLFLAGS := -c
# environment
WAYLAND_DISPLAY = wayland-0
# automatic
+D = $(patsubst %/,%,$(dir $+))
# environment
XDG_SESSION_DESKTOP = ubuntu
# makefile (from 'Makefile', line 1)
MAKEFILE_LIST := Makefile
# environment
SNAP_REEXEC = 
# automatic
@F = $(notdir $@)
# environment
ZSH = /home/gabriel/.oh-my-zsh
# environment
VSCODE_PID = 10280
# environment
XDG_SESSION_TYPE = wayland
# automatic
?D = $(patsubst %/,%,$(dir $?))
# environment
BAMF_DESKTOP_FILE_HINT = /var/lib/snapd/desktop/applications/code_code.desktop
# environment
SESSION_MANAGER = local/7D-GR-XPS-13:@/tmp/.ICE-unix/1691,unix/7D-GR-XPS-13:/tmp/.ICE-unix/1691
# automatic
*F = $(notdir $*)
# environment
CHROME_DESKTOP = code-url-handler.desktop
# environment
DBUS_SESSION_BUS_ADDRESS = unix:path=/run/user/1000/bus
# automatic
<D = $(patsubst %/,%,$(dir $<))
# environment
VSCODE_NLS_CONFIG = {"locale":"en-gb","availableLanguages":{},"_languagePackSupport":true}
# default
MAKE_HOST := x86_64-pc-linux-gnu
# environment
GNOME_DESKTOP_SESSION_ID = this-is-deprecated
# makefile
SHELL = /bin/sh
# default
MAKECMDGOALS := all
# environment
XMODIFIERS = @im=ibus
# environment
GJS_DEBUG_TOPICS = JS ERROR;JS LOG
# environment
SHLVL = 0
# environment
MAKELEVEL := 0
# default
MAKE = $(MAKE_COMMAND)
# environment
SNAP_COOKIE = JbpJksgrhJDVTKP3IJF3Bx5hCiKPUq-v-R1zQy9N3BTf3qRoT4hn
# environment
PATH = /home/gabriel/Downloads/cloud-cli/google-cloud-sdk/bin:/usr/local/sbin:/usr/local/bin:/usr/sbin:/usr/bin:/sbin:/bin:/usr/games:/usr/local/games:/snap/bin:/snap/bin
# default
MAKEFILES := 
# environment
LANGUAGE = en_GB:en
# automatic
^F = $(notdir $^)
# environment
SNAP_USER_COMMON = /home/gabriel/snap/code/common
# environment
SNAP = /snap/code/106
# environment
INVOCATION_ID = 590ac0d5e50e4297b91fccfd93fd4b8c
# environment
SNAP_REVISION = 106
# environment
SNAP_REAL_HOME = /home/gabriel
# environment
USERNAME = gabriel
# environment
GNOME_SETUP_DISPLAY = :1
# automatic
?F = $(notdir $?)
# environment
XDG_CURRENT_DESKTOP = Unity
# environment
LS_COLORS = 
# automatic
+F = $(notdir $+)
# environment
LESS = -R
# environment
DESKTOP_SESSION = ubuntu
# environment
ORIGINAL_XDG_CURRENT_DESKTOP = ubuntu:GNOME
# 'override' directive
GNUMAKEFLAGS := 
# environment
LOGNAME = gabriel
# environment
GIO_LAUNCHED_DESKTOP_FILE = /var/lib/snapd/desktop/applications/code_code.desktop
# environment
SNAP_ARCH = amd64
# makefile
.DEFAULT_GOAL := run
# environment
SYSTEMD_EXEC_PID = 1736
# environment
DISPLAY = :0
# environment
USER = gabriel
# environment
GTK_MODULES = gail:atk-bridge
# default
MAKE_VERSION := 4.3
# makefile (from 'Makefile', line 4)
define docker-compose-run
	docker-compose run --rm $(1) && exit_status=$$? || exit_status=$$?
	[ "$$exit_status" -ne 0 ] && docker-compose ps && docker-compose logs
	docker-compose down -v
	(exit $$exit_status)
endef
# environment
SNAP_DATA = /var/snap/code/106
# environment
SNAP_CONTEXT = JbpJksgrhJDVTKP3IJF3Bx5hCiKPUq-v-R1zQy9N3BTf3qRoT4hn
# environment
MANAGERPID = 1549
# environment
GIO_LAUNCHED_DESKTOP_FILE_PID = 10235
# environment
PAGER = less
# environment
_ = /snap/code/106/usr/share/code/code
# environment
XDG_RUNTIME_DIR = /run/user/1000
# environment
GDK_PIXBUF_MODULE_FILE = /home/gabriel/snap/code/common/.cache/gdk-pixbuf-loaders.cache
# environment
JOURNAL_STREAM = 8:32527
# environment
XDG_SESSION_CLASS = user
# environment
VSCODE_AMD_ENTRYPOINT = vs/workbench/api/node/extensionHostProcess
# environment
HOME = /home/gabriel
# environment
QT_IM_MODULE = ibus
# environment
ELECTRON_RUN_AS_NODE = 1
# environment
VSCODE_IPC_HOOK = /run/user/1000/vscode-06d0a0c8-1.71.0-main.sock
# environment
SNAP_NAME = code
# environment
GSETTINGS_SCHEMA_DIR = /snap/code/106/usr/share/glib-2.0/schemas
# default
.RECIPEPREFIX := 
# automatic
<F = $(notdir $<)
# environment
SNAP_VERSION = 784b0177
# default
SUFFIXES := 
# environment
VSCODE_CLI = 1
# environment
ELECTRON_NO_ATTACH_CONSOLE = 1
# environment
SNAP_COMMON = /var/snap/code/common
# default
.FEATURES := target-specific order-only second-expansion else-if shortest-stem undefine oneshell nocomment grouped-target extra-prereqs archives jobserver output-sync check-symlink load
# environment
SNAP_USER_DATA = /home/gabriel/snap/code/106
# environment
XDG_MENU_PREFIX = gnome-
# environment
GDMSESSION = ubuntu
# environment
SNAP_LIBRARY_PATH = /var/lib/snapd/lib/gl:/var/lib/snapd/lib/gl32:/var/lib/snapd/void
# variable set hash-table stats:
# Load=118/1024=12%, Rehash=0, Collisions=4/148=3%

# Pattern-specific Variable Values

# No pattern-specific variable values.

# Directories

# . (device 64769, inode 9047663): 7 files, no impossibilities.

# 7 files, no impossibilities in 1 directories.

# Implicit Rules

# No implicit rules.

# Files

.ONESHELL:
#  Implicit rule search has not been done.
#  Modification time never checked.
#  File has not been updated.

# Not a target:
Makefile:
#  Implicit rule search has been done.
#  Last modified 2022-07-08 12:58:23.276503316
#  File has been updated.
#  Successfully updated.

.SILENT:
#  Implicit rule search has not been done.
#  Modification time never checked.
#  File has not been updated.

# Not a target:
.DEFAULT:
#  Implicit rule search has not been done.
#  Modification time never checked.
#  File has not been updated.

# Not a target:
all:
#  Command line target.
#  Implicit rule search has been done.
#  File does not exist.
#  File has not been updated.

run:
 
#  Phony target (prerequisite of .PHONY).
#  Implicit rule search has not been done.
#  File does not exist.
#  File has not been updated.
#  recipe to execute (from 'Makefile', line 12):
	$(call docker-compose-run, app)

.PHONY: run
#  Implicit rule search has not been done.
#  Modification time never checked.
#  File has not been updated.

# files hash-table stats:
# Load=8/1024=1%, Rehash=0, Collisions=0/19=0%
# VPATH Search Paths

# No 'vpath' search paths.

# No general ('VPATH' variable) search path.

# strcache buffers: 1 (0) / strings = 16 / storage = 140 B / avg = 8 B
# current buf: size = 8162 B / used = 140 B / count = 16 / avg = 8 B

# strcache performance: lookups = 25 / hit rate = 36%
# hash-table stats:
# Load=16/8192=0%, Rehash=0, Collisions=0/25=0%
# Finished Make data base on Wed Sep  7 11:08:57 2022

 
